2025-07-26 04:54:45,901 - INFO - Model loaded successfully from model/model.pkl
2025-07-26 04:54:45,901 - INFO - Scaler loaded successfully from model/scaler.pkl
2025-07-26 04:54:49,114 - INFO - Model loaded successfully from model/model.pkl
2025-07-26 04:54:49,116 - INFO - Scaler loaded successfully from model/scaler.pkl
2025-07-26 04:54:49,189 - INFO - Model info endpoint accessed
2025-07-26 04:56:00,888 - ERROR - Prediction error: X has 6 features, but StandardScaler is expecting 1 features as input.
2025-07-26 04:56:05,010 - ERROR - Prediction error: X has 6 features, but StandardScaler is expecting 1 features as input.
2025-07-26 05:06:26,470 - ERROR - Error loading model or scaler: numpy.dtype size changed, may indicate binary incompatibility. Expected 96 from C header, got 88 from PyObject
2025-07-26 05:15:57,861 - ERROR - Error loading model or scaler: numpy.dtype size changed, may indicate binary incompatibility. Expected 96 from C header, got 88 from PyObject
2025-07-26 05:16:25,633 - INFO - Root endpoint accessed
2025-07-26 05:17:55,390 - INFO - Health check endpoint accessed
2025-07-26 05:17:55,606 - INFO - Model info endpoint accessed
2025-07-26 05:17:55,606 - ERROR - Model not loaded for model-info
2025-07-26 05:18:18,099 - INFO - Health check endpoint accessed
2025-07-26 05:18:18,502 - INFO - Model info endpoint accessed
2025-07-26 05:18:18,502 - ERROR - Model not loaded for model-info
2025-07-26 05:35:48,041 - ERROR - Error loading model or scaler: numpy.dtype size changed, may indicate binary incompatibility. Expected 96 from C header, got 88 from PyObject
2025-07-26 12:48:36,083 - INFO - Model loaded successfully from model/model.pkl
2025-07-26 12:48:36,125 - INFO - Scaler loaded successfully from model/scaler.pkl
2025-07-26 12:51:29,944 - INFO - Prediction request received for: John Doe
2025-07-26 12:51:29,948 - ERROR - Prediction error: X has 6 features, but StandardScaler is expecting 1 features as input.
2025-07-26 13:54:08,375 - INFO - <module>:209 - \U0001f680 Starting API server...
2025-07-26 13:54:08,381 - INFO - load_model:64 - Starting model loading process...
2025-07-26 13:54:08,383 - INFO - load_model:80 - Model file status:
2025-07-26 13:54:08,384 - INFO - load_model:81 -   Primary model (model/model.pkl): \u2705 EXISTS
2025-07-26 13:54:08,384 - INFO - load_model:82 -   Primary scaler (model/scaler.pkl): \u2705 EXISTS
2025-07-26 13:54:08,385 - INFO - load_model:83 -   Metadata (model/metadata.json): \u274c MISSING
2025-07-26 13:54:09,385 - INFO - load_model:99 - \u2705 Model loaded successfully from model/model.pkl
2025-07-26 13:54:09,385 - INFO - load_model:100 -    Model type: RandomForestRegressor
2025-07-26 13:54:09,387 - INFO - load_model:130 - \u2705 Scaler loaded successfully from model/scaler.pkl
2025-07-26 13:54:09,388 - INFO - load_model:135 -    Scaler expects 1 features
2025-07-26 13:54:09,388 - ERROR - load_model:137 - \u274c SCALER MISMATCH: Expected 6 features, got 1
2025-07-26 13:54:09,389 - ERROR - load_model:138 -    This is likely the source of your error!
2025-07-26 13:54:09,389 - ERROR - load_model:139 -    Please retrain your model with the updated notebook.
2025-07-26 13:54:09,389 - INFO - load_model:187 - 
==================================================
2025-07-26 13:54:09,391 - INFO - load_model:188 - MODEL LOADING SUMMARY
2025-07-26 13:54:09,391 - INFO - load_model:189 - ==================================================
2025-07-26 13:54:09,391 - INFO - load_model:190 - Model loaded: \u2705 YES
2025-07-26 13:54:09,392 - INFO - load_model:191 - Scaler loaded: \u2705 YES
2025-07-26 13:54:09,392 - INFO - load_model:194 - \U0001f389 ALL COMPONENTS LOADED SUCCESSFULLY!
2025-07-26 13:54:09,392 - INFO - load_model:200 - ==================================================
2025-07-26 13:54:09,476 - INFO - <module>:570 - \U0001f680 Starting API server on http://0.0.0.0:8000
2025-07-26 13:59:42,863 - INFO - predict_salary:380 - \U0001f50d Prediction request received for: John Doe
2025-07-26 13:59:42,865 - INFO - predict_salary:381 -    Input: Education=EducationLevel.MASTER, Experience=5.0, Location=Location.URBAN, Job=JobTitle.MANAGER, Age=30, Gender=Gender.MALE
2025-07-26 13:59:42,866 - INFO - predict_salary:391 - \U0001f916 Using actual model for prediction
2025-07-26 13:59:42,868 - INFO - predict_salary:395 -    Encoded features shape: (1, 6)
2025-07-26 13:59:42,868 - INFO - predict_salary:396 -    Encoded features: [ 2.  5.  2.  4. 30.  1.]
2025-07-26 13:59:42,868 - INFO - predict_salary:400 - \U0001f504 Scaling features...
2025-07-26 13:59:42,869 - ERROR - predict_salary:407 - \u274c SCALING ERROR: X has 6 features, but StandardScaler is expecting 1 features as input.
2025-07-26 13:59:42,870 - ERROR - predict_salary:408 -    This is likely the '6 features vs 1 feature' error!
2025-07-26 13:59:42,871 - ERROR - predict_salary:409 -    Please retrain your model with the updated notebook.
2025-07-26 13:59:59,436 - INFO - predict_salary:380 - \U0001f50d Prediction request received for: John Doe
2025-07-26 13:59:59,437 - INFO - predict_salary:381 -    Input: Education=EducationLevel.MASTER, Experience=5.0, Location=Location.URBAN, Job=JobTitle.MANAGER, Age=30, Gender=Gender.MALE
2025-07-26 13:59:59,437 - INFO - predict_salary:391 - \U0001f916 Using actual model for prediction
2025-07-26 13:59:59,438 - INFO - predict_salary:395 -    Encoded features shape: (1, 6)
2025-07-26 13:59:59,440 - INFO - predict_salary:396 -    Encoded features: [ 2.  5.  2.  4. 30.  1.]
2025-07-26 13:59:59,441 - INFO - predict_salary:400 - \U0001f504 Scaling features...
2025-07-26 13:59:59,444 - ERROR - predict_salary:407 - \u274c SCALING ERROR: X has 6 features, but StandardScaler is expecting 1 features as input.
2025-07-26 13:59:59,444 - ERROR - predict_salary:408 -    This is likely the '6 features vs 1 feature' error!
2025-07-26 13:59:59,445 - ERROR - predict_salary:409 -    Please retrain your model with the updated notebook.
2025-07-26 14:00:00,941 - INFO - predict_salary:380 - \U0001f50d Prediction request received for: John Doe
2025-07-26 14:00:00,943 - INFO - predict_salary:381 -    Input: Education=EducationLevel.MASTER, Experience=5.0, Location=Location.URBAN, Job=JobTitle.MANAGER, Age=30, Gender=Gender.MALE
2025-07-26 14:00:00,944 - INFO - predict_salary:391 - \U0001f916 Using actual model for prediction
2025-07-26 14:00:00,946 - INFO - predict_salary:395 -    Encoded features shape: (1, 6)
2025-07-26 14:00:00,947 - INFO - predict_salary:396 -    Encoded features: [ 2.  5.  2.  4. 30.  1.]
2025-07-26 14:00:00,947 - INFO - predict_salary:400 - \U0001f504 Scaling features...
2025-07-26 14:00:00,952 - ERROR - predict_salary:407 - \u274c SCALING ERROR: X has 6 features, but StandardScaler is expecting 1 features as input.
2025-07-26 14:00:00,953 - ERROR - predict_salary:408 -    This is likely the '6 features vs 1 feature' error!
2025-07-26 14:00:00,953 - ERROR - predict_salary:409 -    Please retrain your model with the updated notebook.
2025-07-26 14:05:13,977 - INFO - <module>:209 - \U0001f680 Starting API server...
2025-07-26 14:05:13,977 - INFO - load_model:64 - Starting model loading process...
2025-07-26 14:05:13,977 - INFO - load_model:80 - Model file status:
2025-07-26 14:05:13,977 - INFO - load_model:81 -   Primary model (model/model.pkl): \u2705 EXISTS
2025-07-26 14:05:13,977 - INFO - load_model:82 -   Primary scaler (model/scaler.pkl): \u2705 EXISTS
2025-07-26 14:05:13,977 - INFO - load_model:83 -   Metadata (model/metadata.json): \u274c MISSING
2025-07-26 14:05:15,122 - INFO - load_model:99 - \u2705 Model loaded successfully from model/model.pkl
2025-07-26 14:05:15,122 - INFO - load_model:100 -    Model type: RandomForestRegressor
2025-07-26 14:05:15,123 - INFO - load_model:130 - \u2705 Scaler loaded successfully from model/scaler.pkl
2025-07-26 14:05:15,123 - INFO - load_model:135 -    Scaler expects 1 features
2025-07-26 14:05:15,124 - ERROR - load_model:137 - \u274c SCALER MISMATCH: Expected 6 features, got 1
2025-07-26 14:05:15,124 - ERROR - load_model:138 -    This is likely the source of your error!
2025-07-26 14:05:15,124 - ERROR - load_model:139 -    Please retrain your model with the updated notebook.
2025-07-26 14:05:15,124 - INFO - load_model:187 - 
==================================================
2025-07-26 14:05:15,125 - INFO - load_model:188 - MODEL LOADING SUMMARY
2025-07-26 14:05:15,125 - INFO - load_model:189 - ==================================================
2025-07-26 14:05:15,125 - INFO - load_model:190 - Model loaded: \u2705 YES
2025-07-26 14:05:15,126 - INFO - load_model:191 - Scaler loaded: \u2705 YES
2025-07-26 14:05:15,126 - INFO - load_model:194 - \U0001f389 ALL COMPONENTS LOADED SUCCESSFULLY!
2025-07-26 14:05:15,126 - INFO - load_model:200 - ==================================================
2025-07-26 14:09:07,772 - INFO - predict_salary:380 - \U0001f50d Prediction request received for: John Doe 
2025-07-26 14:09:07,775 - INFO - predict_salary:381 -    Input: Education=EducationLevel.BACHELOR, Experience=4.0, Location=Location.URBAN, Job=JobTitle.MANAGER, Age=30, Gender=Gender.MALE
2025-07-26 14:09:07,776 - INFO - predict_salary:391 - \U0001f916 Using actual model for prediction
2025-07-26 14:09:07,780 - INFO - predict_salary:395 -    Encoded features shape: (1, 6)
2025-07-26 14:09:07,781 - INFO - predict_salary:396 -    Encoded features: [ 1.  4.  2.  4. 30.  1.]
2025-07-26 14:09:07,781 - INFO - predict_salary:400 - \U0001f504 Scaling features...
2025-07-26 14:09:07,787 - ERROR - predict_salary:407 - \u274c SCALING ERROR: X has 6 features, but StandardScaler is expecting 1 features as input.
2025-07-26 14:09:07,787 - ERROR - predict_salary:408 -    This is likely the '6 features vs 1 feature' error!
2025-07-26 14:09:07,788 - ERROR - predict_salary:409 -    Please retrain your model with the updated notebook.
2025-07-26 14:37:24,749 - INFO - <module>:209 - \U0001f680 Starting API server...
2025-07-26 14:37:24,750 - INFO - load_model:64 - Starting model loading process...
2025-07-26 14:37:24,750 - INFO - load_model:80 - Model file status:
2025-07-26 14:37:24,750 - INFO - load_model:81 -   Primary model (model/model.pkl): \u2705 EXISTS
2025-07-26 14:37:24,751 - INFO - load_model:82 -   Primary scaler (model/scaler.pkl): \u2705 EXISTS
2025-07-26 14:37:24,751 - INFO - load_model:83 -   Metadata (model/metadata.json): \u2705 EXISTS
2025-07-26 14:37:24,751 - INFO - load_model:90 - Metadata loaded: {'best_model': 'Random Forest', 'test_r2': 0.8441106894188826, 'test_mse': 127287761.80626884, 'features': ['Education_encoded', 'Experience', 'Location_encoded', 'Job_Title_encoded', 'Age', 'Gender_encoded'], 'n_features': 6, 'training_samples': 800, 'test_samples': 200}
2025-07-26 14:37:26,336 - INFO - load_model:99 - \u2705 Model loaded successfully from model/model.pkl
2025-07-26 14:37:26,336 - INFO - load_model:100 -    Model type: RandomForestRegressor
2025-07-26 14:37:26,341 - INFO - load_model:130 - \u2705 Scaler loaded successfully from model/scaler.pkl
2025-07-26 14:37:26,341 - INFO - load_model:135 -    Scaler expects 6 features
2025-07-26 14:37:26,342 - INFO - load_model:141 - \u2705 Scaler feature count matches expected (6 features)
2025-07-26 14:37:26,342 - INFO - load_model:187 - 
==================================================
2025-07-26 14:37:26,343 - INFO - load_model:188 - MODEL LOADING SUMMARY
2025-07-26 14:37:26,343 - INFO - load_model:189 - ==================================================
2025-07-26 14:37:26,343 - INFO - load_model:190 - Model loaded: \u2705 YES
2025-07-26 14:37:26,345 - INFO - load_model:191 - Scaler loaded: \u2705 YES
2025-07-26 14:37:26,345 - INFO - load_model:194 - \U0001f389 ALL COMPONENTS LOADED SUCCESSFULLY!
2025-07-26 14:37:26,345 - INFO - load_model:200 - ==================================================
2025-07-26 14:37:26,428 - INFO - <module>:570 - \U0001f680 Starting API server on http://0.0.0.0:8000
